<?xml version="1.0" encoding="UTF-8"?>
<!-- Generated by org.testng.reporters.JUnitXMLReporter -->
<testsuite hostname="logesh" ignored="8" name="Default test" tests="1" failures="0" timestamp="2021-10-01T00:25:38 IST" time="27.905" errors="0">
  <testcase name="tc_59" time="19.875" classname="project.HotelBooking"/>
  <testcase name="tc_60" time="0.0" classname="project.HotelBooking">
    <ignored/>
  </testcase> <!-- tc_60 -->
  <testcase name="tc_58" time="0.0" classname="project.HotelBooking">
    <ignored/>
  </testcase> <!-- tc_58 -->
  <testcase name="tc_66" time="0.0" classname="project.HotelBooking">
    <ignored/>
  </testcase> <!-- tc_66 -->
  <testcase name="tc_63" time="0.0" classname="project.HotelBooking">
    <ignored/>
  </testcase> <!-- tc_63 -->
  <testcase name="tc_57" time="0.0" classname="project.HotelBooking">
    <ignored/>
  </testcase> <!-- tc_57 -->
  <testcase name="tc_62" time="0.0" classname="project.HotelBooking">
    <ignored/>
  </testcase> <!-- tc_62 -->
  <testcase name="tc_64" time="0.0" classname="project.HotelBooking">
    <ignored/>
  </testcase> <!-- tc_64 -->
  <testcase name="tc_61" time="0.0" classname="project.HotelBooking">
    <ignored/>
  </testcase> <!-- tc_61 -->
</testsuite> <!-- Default test -->
