<?xml version="1.0" encoding="UTF-8"?>
<!-- Generated by org.testng.reporters.JUnitXMLReporter -->
<testsuite hostname="logesh" ignored="3" name="OneWayFlightBooking" tests="1" failures="0" timestamp="2021-10-04T14:24:59 IST" time="18.103" errors="0">
  <testcase name="tc_28" time="13.543" classname="project.OneWayFlightBooking"/>
  <testcase name="tc_29" time="0.0" classname="project.OneWayFlightBooking">
    <ignored/>
  </testcase> <!-- tc_29 -->
  <testcase name="tc_26" time="0.0" classname="project.OneWayFlightBooking">
    <ignored/>
  </testcase> <!-- tc_26 -->
  <testcase name="tc_30" time="0.0" classname="project.OneWayFlightBooking">
    <ignored/>
  </testcase> <!-- tc_30 -->
</testsuite> <!-- OneWayFlightBooking -->
