<?xml version="1.0" encoding="UTF-8"?>
<!-- Generated by org.testng.reporters.JUnitXMLReporter -->
<testsuite hostname="logesh" ignored="12" name="TravellerDetails" tests="1" failures="0" timestamp="2021-10-04T14:27:02 IST" time="30.924" errors="0">
  <testcase name="tc_45" time="26.952" classname="project.TravellerDetails"/>
  <testcase name="tc_56" time="0.0" classname="project.TravellerDetails">
    <ignored/>
  </testcase> <!-- tc_56 -->
  <testcase name="tc_46" time="0.0" classname="project.TravellerDetails">
    <ignored/>
  </testcase> <!-- tc_46 -->
  <testcase name="tc_47" time="0.0" classname="project.TravellerDetails">
    <ignored/>
  </testcase> <!-- tc_47 -->
  <testcase name="tc_48" time="0.0" classname="project.TravellerDetails">
    <ignored/>
  </testcase> <!-- tc_48 -->
  <testcase name="tc_49" time="0.0" classname="project.TravellerDetails">
    <ignored/>
  </testcase> <!-- tc_49 -->
  <testcase name="tc_50" time="0.0" classname="project.TravellerDetails">
    <ignored/>
  </testcase> <!-- tc_50 -->
  <testcase name="tc_51" time="0.0" classname="project.TravellerDetails">
    <ignored/>
  </testcase> <!-- tc_51 -->
  <testcase name="tc_52" time="0.0" classname="project.TravellerDetails">
    <ignored/>
  </testcase> <!-- tc_52 -->
  <testcase name="tc_53" time="0.0" classname="project.TravellerDetails">
    <ignored/>
  </testcase> <!-- tc_53 -->
  <testcase name="tc_54" time="0.0" classname="project.TravellerDetails">
    <ignored/>
  </testcase> <!-- tc_54 -->
  <testcase name="tc_44" time="0.0" classname="project.TravellerDetails">
    <ignored/>
  </testcase> <!-- tc_44 -->
  <testcase name="tc_55" time="0.0" classname="project.TravellerDetails">
    <ignored/>
  </testcase> <!-- tc_55 -->
</testsuite> <!-- TravellerDetails -->
