<?xml version="1.0" encoding="UTF-8"?>
<testng-results skipped="0" failed="0" ignored="8" total="9" passed="1">
  <reporter-output>
  </reporter-output>
  <suite name="Default suite" duration-ms="27905" started-at="2021-10-01T00:25:10 IST" finished-at="2021-10-01T00:25:38 IST">
    <groups>
    </groups>
    <test name="Default test" duration-ms="27905" started-at="2021-10-01T00:25:10 IST" finished-at="2021-10-01T00:25:38 IST">
      <class name="project.HotelBooking">
        <test-method status="PASS" signature="beforeTest()[pri:0, instance:project.HotelBooking@1d8d30f7]" name="beforeTest" is-config="true" duration-ms="5291" started-at="2021-10-01T00:25:10 IST" finished-at="2021-10-01T00:25:16 IST">
          <reporter-output>
          </reporter-output>
        </test-method> <!-- beforeTest -->
        <test-method status="PASS" signature="tc_59()[pri:0, instance:project.HotelBooking@1d8d30f7]" name="tc_59" duration-ms="19875" started-at="2021-10-01T00:25:16 IST" finished-at="2021-10-01T00:25:35 IST">
          <reporter-output>
          </reporter-output>
        </test-method> <!-- tc_59 -->
        <test-method status="PASS" signature="afterTest()[pri:0, instance:project.HotelBooking@1d8d30f7]" name="afterTest" is-config="true" duration-ms="2716" started-at="2021-10-01T00:25:35 IST" finished-at="2021-10-01T00:25:38 IST">
          <reporter-output>
          </reporter-output>
        </test-method> <!-- afterTest -->
      </class> <!-- project.HotelBooking -->
    </test> <!-- Default test -->
  </suite> <!-- Default suite -->
</testng-results>
